[35m[Appium][39m Welcome to Appium v1.20.2
[35m[Appium][39m Non-default server args:
[35m[Appium][39m   port: 61298
[35m[Appium][39m   loglevel: info
[35m[Appium][39m   tmpDir: C:\Users\Owner\AppData\Local\Temp\\Katalon\Appium\Temp1613466923105
[35m[Appium][39m   chromedriverPort: 61299
[35m[Appium][39m Deprecated server args:
[35m[Appium][39m   [31m--chromedriver-port[39m => --default-capabilities
[35m[Appium][39m Default capabilities, which will be added to each request unless overridden by desired capabilities:
[35m[Appium][39m   chromedriverPort: 61299
[35m[Appium][39m Appium REST http interface listener started on 0.0.0.0:61298
[35m[HTTP][39m [37m-->[39m [37mGET[39m [37m/wd/hub/status[39m
[35m[HTTP][39m [90m{}[39m
[35m[HTTP][39m [37m<-- GET /wd/hub/status [39m[32m200[39m [90m7 ms - 68[39m
[35m[HTTP][39m [90m[39m
[35m[HTTP][39m [37m-->[39m [37mGET[39m [37m/wd/hub/status[39m
[35m[HTTP][39m [90m{}[39m
[35m[HTTP][39m [37m<-- GET /wd/hub/status [39m[32m200[39m [90m1 ms - 68[39m
[35m[HTTP][39m [90m[39m
[35m[HTTP][39m [37m-->[39m [37mPOST[39m [37m/wd/hub/session[39m
[35m[HTTP][39m [90m{"desiredCapabilities":{"app":"C:\\Users\\Owner\\Documents\\Ecommerce Store Demo_v1.4.apk","noReset":true,"deviceName":"HMD Global Nokia 4.2 (Android 10)","fullReset":false,"platform":"ANDROID","newCommandTimeout":1800,"platformVersion":"10","automationName":"uiautomator2","autoGrantPermissions":true,"platformName":"Android","udid":"PNTIDM950700882","systemPort":61304},"capabilities":{"firstMatch":[{"appium:app":"C:\\Users\\Owner\\Documents\\Ecommerce Store Demo_v1.4.apk","appium:autoGrantPermissions":true,"appium:automationName":"uiautomator2","appium:deviceName":"HMD Global Nokia 4.2 (Android 10)","appium:fullReset":false,"appium:newCommandTimeout":1800,"appium:noReset":true,"platform":"ANDROID","platformName":"android","appium:platformVersion":"10","appium:systemPort":61304,"appium:udid":"PNTIDM950700882"}]}}[39m
[35m[BaseDriver][39m The following capabilities are not standard capabilities and should have an extension prefix:
[35m[BaseDriver][39m   platform
[35m[BaseDriver][39m   chromedriverPort
[35m[Appium][39m Appium v1.20.2 creating new AndroidUiautomator2Driver (v1.61.2) session
[35m[BaseDriver][39m The following capabilities were provided, but are not recognized by Appium:
[35m[BaseDriver][39m   platform
[35m[BaseDriver][39m Session created with session id: 0ae97689-e368-4ce8-8f1a-ea7e88d9a82d
[35m[BaseDriver][39m Using local app 'C:\Users\Owner\Documents\Ecommerce Store Demo_v1.4.apk'
[35m[ADB][39m Found 1 'build-tools' folders under 'C:\Users\Owner\.katalon\tools\android_sdk' (newest first):
[35m[ADB][39m     C:/Users/Owner/.katalon/tools/android_sdk/build-tools/29.0.3
[35m[ADB][39m Using 'adb.exe' from 'C:\Users\Owner\.katalon\tools\android_sdk\platform-tools\adb.exe'
[35m[AndroidDriver][39m Retrieving device list
[35m[AndroidDriver][39m Using device: PNTIDM950700882
[35m[ADB][39m Using 'adb.exe' from 'C:\Users\Owner\.katalon\tools\android_sdk\platform-tools\adb.exe'
[35m[ADB][39m Getting device platform version
[35m[UiAutomator2][39m Relaxing hidden api policy
[35m[ADB][39m Package name: 'com.abhiandroid.ecommercestore'
[35m[ADB][39m Main activity name: 'com.abhiandroid.ecommercestore.Activities.SplashScreen'
[35m[ADB][39m Using 'apksigner.jar' from 'C:\Users\Owner\.katalon\tools\android_sdk\build-tools\29.0.3\lib\apksigner.jar'
[35m[ADB][39m 'C:\Users\Owner\AppData\Roaming\npm\node_modules\appium\node_modules\appium-uiautomator2-server\apks\appium-uiautomator2-server-v4.17.4.apk' is signed with the default certificate
[35m[ADB][39m 'C:\Users\Owner\AppData\Roaming\npm\node_modules\appium\node_modules\appium-uiautomator2-server\apks\appium-uiautomator2-server-debug-androidTest.apk' is signed with the default certificate
[35m[UiAutomator2][39m Server packages are not going to be (re)installed
[35m[ADB][39m Adding packages ["io.appium.settings","io.appium.uiautomator2.server","io.appium.uiautomator2.server.test"] to Doze whitelist
[35m[ADB][39m 'C:\Users\Owner\Documents\Ecommerce Store Demo_v1.4.apk' is signed with a non-default certificate
[35m[ADB][39m The application at 'C:\Users\Owner\Documents\Ecommerce Store Demo_v1.4.apk' will not be cached, because the device under test has confirmed the support of streamed installs
[35m[ADB][39m The installation of 'Ecommerce Store Demo_v1.4.apk' took 19123ms
[35m[UiAutomator2][39m Starting UIAutomator2 server 4.17.4
[35m[UiAutomator2][39m Using UIAutomator2 server from 'C:\Users\Owner\AppData\Roaming\npm\node_modules\appium\node_modules\appium-uiautomator2-server\apks\appium-uiautomator2-server-v4.17.4.apk' and test from 'C:\Users\Owner\AppData\Roaming\npm\node_modules\appium\node_modules\appium-uiautomator2-server\apks\appium-uiautomator2-server-debug-androidTest.apk'
[35m[UiAutomator2][39m Waiting up to 30000ms for UiAutomator2 to be online...
[35m[WD Proxy][39m socket hang up
[35m[WD Proxy][39m socket hang up
[35m[WD Proxy][39m socket hang up
[35m[WD Proxy][39m socket hang up
[35m[WD Proxy][39m socket hang up
[35m[WD Proxy][39m socket hang up
[35m[WD Proxy][39m socket hang up
[35m[WD Proxy][39m Determined the downstream protocol as 'W3C'
[35m[AndroidDriver][39m Screen already unlocked, doing nothing
[35m[UiAutomator2][39m Starting 'com.abhiandroid.ecommercestore/com.abhiandroid.ecommercestore.Activities.SplashScreen and waiting for 'com.abhiandroid.ecommercestore/com.abhiandroid.ecommercestore.Activities.SplashScreen'
[35m[Appium][39m New AndroidUiautomator2Driver session created successfully, session 0ae97689-e368-4ce8-8f1a-ea7e88d9a82d added to master session list
[35m[HTTP][39m [37m<-- POST /wd/hub/session [39m[32m200[39m [90m37460 ms - 1304[39m
[35m[HTTP][39m [90m[39m
[35m[HTTP][39m [37m-->[39m [37mGET[39m [37m/wd/hub/session/0ae97689-e368-4ce8-8f1a-ea7e88d9a82d[39m
[35m[HTTP][39m [90m{}[39m
[35m[HTTP][39m [37m<-- GET /wd/hub/session/0ae97689-e368-4ce8-8f1a-ea7e88d9a82d [39m[32m200[39m [90m20 ms - 1258[39m
[35m[HTTP][39m [90m[39m
[35m[HTTP][39m [37m-->[39m [37mGET[39m [37m/wd/hub/session/0ae97689-e368-4ce8-8f1a-ea7e88d9a82d[39m
[35m[HTTP][39m [90m{}[39m
[35m[HTTP][39m [37m<-- GET /wd/hub/session/0ae97689-e368-4ce8-8f1a-ea7e88d9a82d [39m[32m200[39m [90m20 ms - 1258[39m
[35m[HTTP][39m [90m[39m
[35m[HTTP][39m [37m-->[39m [37mGET[39m [37m/wd/hub/status[39m
[35m[HTTP][39m [90m{}[39m
[35m[HTTP][39m [37m<-- GET /wd/hub/status [39m[32m200[39m [90m1 ms - 68[39m
[35m[HTTP][39m [90m[39m
[35m[HTTP][39m [37m-->[39m [37mPOST[39m [37m/wd/hub/session/0ae97689-e368-4ce8-8f1a-ea7e88d9a82d/timeouts[39m
[35m[HTTP][39m [90m{"implicit":60000}[39m
[35m[HTTP][39m [37m<-- POST /wd/hub/session/0ae97689-e368-4ce8-8f1a-ea7e88d9a82d/timeouts [39m[32m200[39m [90m4 ms - 14[39m
[35m[HTTP][39m [90m[39m
[35m[HTTP][39m [37m-->[39m [37mGET[39m [37m/wd/hub/session/0ae97689-e368-4ce8-8f1a-ea7e88d9a82d/source[39m
[35m[HTTP][39m [90m{}[39m
[35m[W3C (0ae97689)][39m Driver proxy active, passing request on via HTTP proxy
[35m[WD Proxy][39m Replacing sessionId 5b35ee62-a072-47f1-b482-6d91fea88b33 with 0ae97689-e368-4ce8-8f1a-ea7e88d9a82d
[35m[HTTP][39m [37m<-- GET /wd/hub/session/0ae97689-e368-4ce8-8f1a-ea7e88d9a82d/source [39m[32m200[39m [90m141 ms - 2825[39m
[35m[HTTP][39m [90m[39m
[35m[HTTP][39m [37m-->[39m [37mGET[39m [37m/wd/hub/session/0ae97689-e368-4ce8-8f1a-ea7e88d9a82d/screenshot[39m
[35m[HTTP][39m [90m{}[39m
[35m[HTTP][39m [37m<-- GET /wd/hub/session/0ae97689-e368-4ce8-8f1a-ea7e88d9a82d/screenshot [39m[32m200[39m [90m915 ms - 124924[39m
[35m[HTTP][39m [90m[39m
[35m[HTTP][39m [37m-->[39m [37mDELETE[39m [37m/wd/hub/session/0ae97689-e368-4ce8-8f1a-ea7e88d9a82d[39m
[35m[HTTP][39m [90m{}[39m
[35m[Appium][39m Removing session 0ae97689-e368-4ce8-8f1a-ea7e88d9a82d from our master session list
[35m[UiAutomator2][39m Restoring hidden api policy to the device default configuration
[35m[HTTP][39m [37m<-- DELETE /wd/hub/session/0ae97689-e368-4ce8-8f1a-ea7e88d9a82d [39m[32m200[39m [90m369 ms - 14[39m
[35m[HTTP][39m [90m[39m
